<?xml version="1.0" encoding="UTF-8"?>
<testsuite name="AppTest" tests="1" skipped="0" failures="0" errors="0" timestamp="2021-04-12T18:15:36" hostname="DESKTOP-GFTNV90" time="0.014">
  <properties/>
  <testcase name="test13" classname="AppTest" time="0.014"/>
  <system-out><![CDATA[before
Test13
after
]]></system-out>
  <system-err><![CDATA[]]></system-err>
</testsuite>
